app/build/outputs/logs/manifest-merger-debug-report.txt
-- Merging decision tree log ---
manifest
ADDED from src/main/AndroidManifest.xml:22:1-160:12
	package
		ADDED from src/main/AndroidManifest.xml:23:5-42
		INJECTED from src/main/AndroidManifest.xml
		INJECTED from src/main/AndroidManifest.xml
	xmlns:android
		ADDED from src/main/AndroidManifest.xml:22:11-69
uses-sdk
ADDED from src/main/AndroidManifest.xml:25:5-44
MERGED from [com.android.support:appcompat-v7:27.1.1] AndroidManifest.xml:20:5-44
MERGED from [com.android.support:support-core-utils:27.1.1] AndroidManifest.xml:20:5-44
MERGED from [com.android.support:support-compat:27.1.1] AndroidManifest.xml:20:5-44
MERGED from [android.arch.lifecycle:runtime:1.1.0] AndroidManifest.xml:20:5-44
MERGED from [com.android.support:support-fragment:27.1.1] AndroidManifest.xml:20:5-44
MERGED from [com.android.support:support-core-ui:27.1.1] AndroidManifest.xml:20:5-44
MERGED from [android.arch.lifecycle:livedata-core:1.1.0] AndroidManifest.xml:20:5-44
MERGED from [android.arch.core:runtime:1.1.0] AndroidManifest.xml:20:5-44
MERGED from [android.arch.lifecycle:viewmodel:1.1.0] AndroidManifest.xml:20:5-44
MERGED from [com.android.support:support-vector-drawable:27.1.1] AndroidManifest.xml:20:5-44
MERGED from [com.android.support:animated-vector-drawable:27.1.1] AndroidManifest.xml:20:5-44
MERGED from [com.google.android.gms:play-services-appindexing:8.4.0] AndroidManifest.xml:18:5-42
MERGED from [com.google.android.gms:play-services-base:8.4.0] AndroidManifest.xml:18:5-42
MERGED from [com.google.android.gms:play-services-basement:8.4.0] AndroidManifest.xml:18:5-42
MERGED from [com.android.support:support-v4:23.0.0] AndroidManifest.xml:20:5-43
	android:targetSdkVersion
		INJECTED from src/main/AndroidManifest.xml
		INJECTED from src/main/AndroidManifest.xml
	android:minSdkVersion
		ADDED from src/main/AndroidManifest.xml:25:15-41
		INJECTED from src/main/AndroidManifest.xml
		INJECTED from src/main/AndroidManifest.xml
application
ADDED from src/main/AndroidManifest.xml:27:5-153:19
MERGED from [com.google.android.gms:play-services-appindexing:8.4.0] AndroidManifest.xml:19:5-20
MERGED from [com.google.android.gms:play-services-basement:8.4.0] AndroidManifest.xml:20:5-24:19
MERGED from [com.android.support:support-v4:23.0.0] AndroidManifest.xml:22:5-20
	android:label
		ADDED from src/main/AndroidManifest.xml:28:9-41
	android:supportsRtl
		ADDED from src/main/AndroidManifest.xml:29:9-35
	android:icon
		ADDED from src/main/AndroidManifest.xml:27:18-52
provider#com.example.android.notepad.NotePadProvider
ADDED from src/main/AndroidManifest.xml:31:9-35:20
	android:authorities
		ADDED from src/main/AndroidManifest.xml:32:13-62
	android:exported
		ADDED from src/main/AndroidManifest.xml:33:13-37
	android:name
		ADDED from src/main/AndroidManifest.xml:31:19-49
grant-uri-permission
ADDED from src/main/AndroidManifest.xml:34:13-62
	android:pathPattern
		ADDED from src/main/AndroidManifest.xml:34:35-59
activity#com.example.android.notepad.MainActivity
ADDED from src/main/AndroidManifest.xml:36:9-41:20
	android:label
		ADDED from src/main/AndroidManifest.xml:38:13-45
	android:theme
		ADDED from src/main/AndroidManifest.xml:39:13-45
	android:name
		ADDED from src/main/AndroidManifest.xml:37:13-41
activity#com.example.android.notepad.NotesList
ADDED from src/main/AndroidManifest.xml:42:9-60:20
	android:label
		ADDED from src/main/AndroidManifest.xml:42:44-84
	android:theme
		ADDED from src/main/AndroidManifest.xml:43:13-45
	android:name
		ADDED from src/main/AndroidManifest.xml:42:19-43
intent-filter#android.intent.action.MAIN+android.intent.category.LAUNCHER
ADDED from src/main/AndroidManifest.xml:44:13-47:29
action#android.intent.action.MAIN
ADDED from src/main/AndroidManifest.xml:45:17-69
	android:name
		ADDED from src/main/AndroidManifest.xml:45:25-66
category#android.intent.category.LAUNCHER
ADDED from src/main/AndroidManifest.xml:46:17-77
	android:name
		ADDED from src/main/AndroidManifest.xml:46:27-74
intent-filter#android.intent.action.EDIT+android.intent.action.PICK+android.intent.action.VIEW+android.intent.category.DEFAULT
ADDED from src/main/AndroidManifest.xml:48:13-54:29
action#android.intent.action.VIEW
ADDED from src/main/AndroidManifest.xml:49:17-69
	android:name
		ADDED from src/main/AndroidManifest.xml:49:25-66
action#android.intent.action.EDIT
ADDED from src/main/AndroidManifest.xml:50:17-69
	android:name
		ADDED from src/main/AndroidManifest.xml:50:25-66
action#android.intent.action.PICK
ADDED from src/main/AndroidManifest.xml:51:17-69
	android:name
		ADDED from src/main/AndroidManifest.xml:51:25-66
category#android.intent.category.DEFAULT
ADDED from src/main/AndroidManifest.xml:52:17-76
	android:name
		ADDED from src/main/AndroidManifest.xml:52:27-73
data
ADDED from src/main/AndroidManifest.xml:53:17-83
	android:mimeType
		ADDED from src/main/AndroidManifest.xml:53:23-80
intent-filter#android.intent.action.GET_CONTENT+android.intent.category.DEFAULT
ADDED from src/main/AndroidManifest.xml:55:13-59:29
action#android.intent.action.GET_CONTENT
ADDED from src/main/AndroidManifest.xml:56:17-76
	android:name
		ADDED from src/main/AndroidManifest.xml:56:25-73
activity#com.example.android.notepad.NoteEditor
ADDED from src/main/AndroidManifest.xml:63:9-91:20
	android:screenOrientation
		ADDED from src/main/AndroidManifest.xml:65:13-47
	android:configChanges
		ADDED from src/main/AndroidManifest.xml:66:13-63
	android:theme
		ADDED from src/main/AndroidManifest.xml:64:13-39
	android:name
		ADDED from src/main/AndroidManifest.xml:63:19-44
intent-filter#android.intent.action.EDIT+android.intent.action.VIEW+android.intent.category.DEFAULT+com.android.notepad.action.EDIT_NOTE
ADDED from src/main/AndroidManifest.xml:70:13-76:29
	android:label
		ADDED from src/main/AndroidManifest.xml:70:28-64
action#com.android.notepad.action.EDIT_NOTE
ADDED from src/main/AndroidManifest.xml:73:17-79
	android:name
		ADDED from src/main/AndroidManifest.xml:73:25-76
intent-filter#android.intent.action.INSERT+android.intent.action.PASTE+android.intent.category.DEFAULT
ADDED from src/main/AndroidManifest.xml:82:13-87:29
action#android.intent.action.INSERT
ADDED from src/main/AndroidManifest.xml:83:17-71
	android:name
		ADDED from src/main/AndroidManifest.xml:83:25-68
action#android.intent.action.PASTE
ADDED from src/main/AndroidManifest.xml:84:17-70
	android:name
		ADDED from src/main/AndroidManifest.xml:84:25-67
activity#com.example.android.notepad.TitleEditor
ADDED from src/main/AndroidManifest.xml:94:9-119:20
	android:label
		ADDED from src/main/AndroidManifest.xml:95:13-53
	android:windowSoftInputMode
		ADDED from src/main/AndroidManifest.xml:98:13-55
	android:icon
		ADDED from src/main/AndroidManifest.xml:96:13-50
	android:theme
		ADDED from src/main/AndroidManifest.xml:97:13-45
	android:name
		ADDED from src/main/AndroidManifest.xml:94:19-45
intent-filter#android.intent.category.ALTERNATIVE+android.intent.category.DEFAULT+android.intent.category.SELECTED_ALTERNATIVE+com.android.notepad.action.EDIT_TITLE
ADDED from src/main/AndroidManifest.xml:103:13-118:29
	android:label
		ADDED from src/main/AndroidManifest.xml:103:28-65
action#com.android.notepad.action.EDIT_TITLE
ADDED from src/main/AndroidManifest.xml:107:17-80
	android:name
		ADDED from src/main/AndroidManifest.xml:107:25-77
category#android.intent.category.ALTERNATIVE
ADDED from src/main/AndroidManifest.xml:112:17-80
	android:name
		ADDED from src/main/AndroidManifest.xml:112:27-77
category#android.intent.category.SELECTED_ALTERNATIVE
ADDED from src/main/AndroidManifest.xml:115:17-89
	android:name
		ADDED from src/main/AndroidManifest.xml:115:27-86
activity#com.example.android.notepad.NotesLiveFolder
ADDED from src/main/AndroidManifest.xml:121:9-127:20
	android:label
		ADDED from src/main/AndroidManifest.xml:121:50-90
	android:icon
		ADDED from src/main/AndroidManifest.xml:122:13-55
	android:name
		ADDED from src/main/AndroidManifest.xml:121:19-49
intent-filter#android.intent.action.CREATE_LIVE_FOLDER+android.intent.category.DEFAULT
ADDED from src/main/AndroidManifest.xml:123:13-126:29
action#android.intent.action.CREATE_LIVE_FOLDER
ADDED from src/main/AndroidManifest.xml:124:17-83
	android:name
		ADDED from src/main/AndroidManifest.xml:124:25-80
activity#com.example.android.notepad.NoteSearch
ADDED from src/main/AndroidManifest.xml:130:9-134:20
	android:label
		ADDED from src/main/AndroidManifest.xml:133:13-55
	android:theme
		ADDED from src/main/AndroidManifest.xml:132:13-64
	android:name
		ADDED from src/main/AndroidManifest.xml:131:13-38
activity#com.example.android.notepad.OutputText
ADDED from src/main/AndroidManifest.xml:137:9-141:20
	android:label
		ADDED from src/main/AndroidManifest.xml:138:13-48
	android:windowSoftInputMode
		ADDED from src/main/AndroidManifest.xml:140:13-55
	android:theme
		ADDED from src/main/AndroidManifest.xml:139:13-61
	android:name
		ADDED from src/main/AndroidManifest.xml:137:19-44
activity#com.example.android.notepad.NoteColor
ADDED from src/main/AndroidManifest.xml:144:9-147:57
	android:label
		ADDED from src/main/AndroidManifest.xml:146:13-33
	android:windowSoftInputMode
		ADDED from src/main/AndroidManifest.xml:147:13-55
	android:theme
		ADDED from src/main/AndroidManifest.xml:145:13-45
	android:name
		ADDED from src/main/AndroidManifest.xml:144:19-43
meta-data#com.google.android.gms.version
ADDED from src/main/AndroidManifest.xml:149:9-151:69
MERGED from [com.google.android.gms:play-services-basement:8.4.0] AndroidManifest.xml:21:9-23:69
	android:value
		ADDED from src/main/AndroidManifest.xml:151:13-66
	android:name
		ADDED from src/main/AndroidManifest.xml:150:13-58
uses-permission#android.permission.MOUNT_UNMOUNT_FILESYSTEMS
ADDED from src/main/AndroidManifest.xml:156:5-83
	android:name
		ADDED from src/main/AndroidManifest.xml:156:22-81
uses-permission#android.permission.WRITE_EXTERNAL_STORAGE
ADDED from src/main/AndroidManifest.xml:158:5-80
	android:name
		ADDED from src/main/AndroidManifest.xml:158:22-78